[2024-01-06 19:16:20,128] multiqc                                            [DEBUG  ]  This is MultiQC v1.16
[2024-01-06 19:16:20,128] multiqc                                            [DEBUG  ]  Command used: /home/aquadeath/.local/bin/multiqc .
[2024-01-06 19:16:20,625] multiqc                                            [WARNING]  MultiQC Version v1.19 now available!
[2024-01-06 19:16:20,625] multiqc                                            [DEBUG  ]  Working dir : /mnt/c/Users/alvar/Desktop/Master_Bioinformatica/2_Bioinformatica/Estudios in silico en biomedicina/Tarea_B/prueba/pre_trimming
[2024-01-06 19:16:20,625] multiqc                                            [DEBUG  ]  Template    : default
[2024-01-06 19:16:20,625] multiqc                                            [DEBUG  ]  Running Python 3.10.6 (main, Mar 10 2023, 10:55:28) [GCC 11.3.0]
[2024-01-06 19:16:20,626] multiqc                                            [DEBUG  ]  Analysing modules: custom_content, ccs, ngsderive, purple, conpair, lima, peddy, somalier, methylQA, mosdepth, phantompeakqualtools, qualimap, preseq, hifiasm, quast, qorts, rna_seqc, rockhopper, rsem, rseqc, busco, bustools, goleft_indexcov, gffcompare, disambiguate, supernova, deeptools, sargasso, verifybamid, mirtrace, happy, mirtop, sambamba, gopeaks, homer, hops, macs2, theta2, snpeff, gatk, htseq, bcftools, featureCounts, fgbio, dragen, dragen_fastqc, dedup, pbmarkdup, damageprofiler, mapdamage, biobambam2, jcvi, mtnucratio, picard, vep, sentieon, bakta, prokka, qc3C, nanostat, samblaster, samtools, sexdeterrmine, eigenstratdatabasetools, bamtools, jellyfish, vcftools, longranger, stacks, varscan2, snippy, umitools, bbmap, bismark, biscuit, diamond, hicexplorer, hicup, hicpro, salmon, kallisto, slamdunk, star, hisat2, tophat, bowtie2, bowtie1, cellranger, snpsplit, odgi, pangolin, nextclade, freyja, humid, kat, leehom, librarian, adapterRemoval, bbduk, clipandmerge, cutadapt, flexbar, sourmash, kaiju, kraken, malt, motus, trimmomatic, sickle, skewer, sortmerna, biobloomtools, fastq_screen, afterqc, fastp, fastqc, filtlong, prinseqplusplus, pychopper, porechop, pycoqc, minionqc, anglerfish, multivcfanalyzer, clusterflow, checkqc, bcl2fastq, bclconvert, interop, ivar, flash, seqyclean, optitype, whatshap
[2024-01-06 19:16:20,626] multiqc                                            [DEBUG  ]  Using temporary directory for creating report: /tmp/tmphyc826oc
[2024-01-06 19:16:20,629] multiqc                                            [INFO   ]  Search path : /mnt/c/Users/alvar/Desktop/Master_Bioinformatica/2_Bioinformatica/Estudios in silico en biomedicina/Tarea_B/prueba/pre_trimming
[2024-01-06 19:16:20,656] multiqc                                            [DEBUG  ]  Summary of files that were skipped by the search: []
[2024-01-06 19:16:21,028] multiqc.plots.bargraph                             [DEBUG  ]  Using matplotlib version 3.8.0
[2024-01-06 19:16:21,029] multiqc.plots.linegraph                            [DEBUG  ]  Using matplotlib version 3.8.0
[2024-01-06 19:16:21,030] multiqc                                            [DEBUG  ]  No samples found: custom_content
[2024-01-06 19:16:21,068] multiqc.modules.fastqc.fastqc                      [INFO   ]  Found 10 reports
[2024-01-06 19:16:21,133] multiqc.utils.software_versions                    [DEBUG  ]  Reading software versions from config.software_versions
[2024-01-06 19:16:21,141] multiqc                                            [DEBUG  ]  Compressing plot data
[2024-01-06 19:16:21,242] multiqc                                            [INFO   ]  Report      : multiqc_report.html
[2024-01-06 19:16:21,242] multiqc                                            [INFO   ]  Data        : multiqc_data
[2024-01-06 19:16:21,242] multiqc                                            [DEBUG  ]  Moving data file from '/tmp/tmphyc826oc/multiqc_data' to '/mnt/c/Users/alvar/Desktop/Master_Bioinformatica/2_Bioinformatica/Estudios in silico en biomedicina/Tarea_B/prueba/pre_trimming/multiqc_data'
[2024-01-06 19:16:21,276] multiqc                                            [DEBUG  ]  Full report path: /mnt/c/Users/alvar/Desktop/Master_Bioinformatica/2_Bioinformatica/Estudios in silico en biomedicina/Tarea_B/prueba/pre_trimming/multiqc_report.html
[2024-01-06 19:16:21,363] multiqc                                            [INFO   ]  MultiQC complete
